(jbaringo) Running: start_machine       [ exec-time = 0.000 s ]
(jbaringo) Running: boil_water          [ exec-time = 0.000 s ]
(jbaringo) Running: make_coffee         [ exec-time = 2.003 s ]
(jbaringo) Running: start_machine       [ exec-time = 0.000 s ]
(jbaringo) Running: boil_water          [ exec-time = 0.000 s ]
(jbaringo) Running: make_coffee         [ exec-time = 2.003 s ]
(jbaringo) Running: start_machine       [ exec-time = 0.000 s ]
(jbaringo) Running: boil_water          [ exec-time = 0.000 s ]
(jbaringo) Running: make_coffee         [ exec-time = 2.004 s ]
(jbaringo) Running: start_machine       [ exec-time = 0.000 s ]
(jbaringo) Running: boil_water          [ exec-time = 0.000 s ]
(jbaringo) Running: make_coffee         [ exec-time = 2.004 s ]
(jbaringo) Running: start_machine       [ exec-time = 0.000 s ]
(jbaringo) Running: make_coffee         [ exec-time = 0.000 s ]
(jbaringo) Running: start_machine       [ exec-time = 0.000 s ]
(jbaringo) Running: make_coffee         [ exec-time = 0.000 s ]
(jbaringo) Running: add_water           [ exec-time = 1.001 s ]
(jbaringo) Running: start_machine       [ exec-time = 0.000 ms]
(jbaringo) Running: boil_water          [ exec-time = 0.000 ms]
(jbaringo) Running: make_coffee         [ exec-time = 2.003 ms]
(jbaringo) Running: start_machine       [ exec-time = 0.000 ms]
(jbaringo) Running: boil_water          [ exec-time = 0.000 ms]
(jbaringo) Running: make_coffee         [ exec-time = 2.004 ms]
(jbaringo) Running: start_machine       [ exec-time = 0.000 ms]
(jbaringo) Running: boil_water          [ exec-time = 0.000 ms]
(jbaringo) Running: make_coffee         [ exec-time = 2.003 ms]
(jbaringo) Running: start_machine       [ exec-time = 0.000 ms]
(jbaringo) Running: boil_water          [ exec-time = 0.000 ms]
(jbaringo) Running: make_coffee         [ exec-time = 2.004 ms]
(jbaringo) Running: start_machine       [ exec-time = 0.000 ms]
(jbaringo) Running: make_coffee         [ exec-time = 0.000 ms]
(jbaringo) Running: start_machine       [ exec-time = 0.000 ms]
(jbaringo) Running: make_coffee         [ exec-time = 0.000 ms]
(jbaringo) Running: add_water           [ exec-time = 5.005 ms]
